[0m00:53:37.691339 [debug] [MainThread]: Sending event: {'category': 'dbt', 'action': 'invocation', 'label': 'start', 'context': [<snowplow_tracker.self_describing_json.SelfDescribingJson object at 0x7d2893ea44a0>, <snowplow_tracker.self_describing_json.SelfDescribingJson object at 0x7d289489be60>, <snowplow_tracker.self_describing_json.SelfDescribingJson object at 0x7d289489b8c0>]}


============================== 00:53:37.721325 | e8235162-b33a-44ce-a2a6-d6305ba6eb9c ==============================
[0m00:53:37.721325 [info ] [MainThread]: Running with dbt=1.11.7
[0m00:53:37.721830 [debug] [MainThread]: running dbt with arguments {'log_path': 'logs', 'introspect': 'True', 'write_json': 'True', 'send_anonymous_usage_stats': 'True', 'debug': 'False', 'static_parser': 'True', 'warn_error': 'None', 'cache_selected_only': 'False', 'empty': 'None', 'use_colors': 'True', 'fail_fast': 'False', 'profiles_dir': '/home/blagoja/.dbt', 'partial_parse': 'True', 'log_cache_events': 'False', 'target_path': 'None', 'quiet': 'False', 'version_check': 'True', 'invocation_command': 'dbt init dbt_project', 'printer_width': '80', 'no_print': 'None', 'indirect_selection': 'eager', 'log_format': 'default', 'warn_error_options': 'WarnErrorOptionsV2(error=[], warn=[], silence=[])', 'use_experimental_parser': 'False'}
[0m00:53:37.762691 [debug] [MainThread]: Starter project path: /home/blagoja/Desktop/adzuna-job-market-elt/.venv/lib/python3.12/site-packages/dbt/include/starter_project
[0m00:53:37.765373 [info ] [MainThread]: 
Your new dbt project "dbt_project" was created!

For more information on how to configure the profiles.yml file,
please consult the dbt documentation here:

  https://docs.getdbt.com/docs/configure-your-profile

One more thing:

Need help? Don't hesitate to reach out to us via GitHub issues or on Slack:

  https://community.getdbt.com/

Happy modeling!

[0m00:53:37.765830 [info ] [MainThread]: Setting up your profile.
[0m00:53:41.546696 [debug] [MainThread]: Snowflake adapter: Setting snowflake.connector to ERROR (file logging only)
[0m00:53:41.547109 [debug] [MainThread]: Snowflake adapter: Setting botocore to ERROR (file logging only)
[0m00:53:41.547387 [debug] [MainThread]: Snowflake adapter: Setting boto3 to ERROR (file logging only)
[0m00:55:16.012151 [info ] [MainThread]: Profile dbt_project written to /home/blagoja/.dbt/profiles.yml using target's profile_template.yml and your supplied values. Run 'dbt debug' to validate the connection.
[0m00:55:16.014675 [debug] [MainThread]: Resource report: {"command_name": "init", "command_success": true, "command_wall_clock_time": 98.370964, "process_in_blocks": "86096", "process_kernel_time": 0.220124, "process_mem_max_rss": "138976", "process_out_blocks": "38968", "process_user_time": 2.69319}
[0m00:55:16.015295 [debug] [MainThread]: Command `dbt init` succeeded at 00:55:16.015178 after 98.37 seconds
[0m00:55:16.015721 [debug] [MainThread]: Sending event: {'category': 'dbt', 'action': 'invocation', 'label': 'end', 'context': [<snowplow_tracker.self_describing_json.SelfDescribingJson object at 0x7d2893cafda0>, <snowplow_tracker.self_describing_json.SelfDescribingJson object at 0x7d2893cfa450>, <snowplow_tracker.self_describing_json.SelfDescribingJson object at 0x7d2893a15730>]}
[0m00:55:16.016111 [debug] [MainThread]: Flushing usage events
[0m00:55:16.647239 [debug] [MainThread]: An error was encountered while trying to flush usage events
[0m00:57:35.263962 [debug] [MainThread]: Sending event: {'category': 'dbt', 'action': 'invocation', 'label': 'start', 'context': [<snowplow_tracker.self_describing_json.SelfDescribingJson object at 0x7aaa7b69b6e0>, <snowplow_tracker.self_describing_json.SelfDescribingJson object at 0x7aaa7ae1d010>, <snowplow_tracker.self_describing_json.SelfDescribingJson object at 0x7aaa7b698ec0>]}


============================== 00:57:35.268202 | e55e9b0a-ee99-41e0-9f53-d5a0cda31395 ==============================
[0m00:57:35.268202 [info ] [MainThread]: Running with dbt=1.11.7
[0m00:57:35.268941 [debug] [MainThread]: running dbt with arguments {'warn_error_options': 'WarnErrorOptionsV2(error=[], warn=[], silence=[])', 'log_path': 'logs', 'introspect': 'True', 'indirect_selection': 'eager', 'static_parser': 'True', 'log_format': 'default', 'target_path': 'None', 'partial_parse': 'True', 'empty': 'None', 'no_print': 'None', 'profiles_dir': '/home/blagoja/.dbt', 'fail_fast': 'False', 'invocation_command': 'dbt debug', 'warn_error': 'None', 'debug': 'False', 'cache_selected_only': 'False', 'log_cache_events': 'False', 'quiet': 'False', 'printer_width': '80', 'write_json': 'True', 'version_check': 'True', 'send_anonymous_usage_stats': 'True', 'use_experimental_parser': 'False', 'use_colors': 'True'}
[0m00:57:35.283032 [info ] [MainThread]: dbt version: 1.11.7
[0m00:57:35.283403 [info ] [MainThread]: python version: 3.12.3
[0m00:57:35.283656 [info ] [MainThread]: python path: /home/blagoja/Desktop/adzuna-job-market-elt/.venv/bin/python3
[0m00:57:35.283891 [info ] [MainThread]: os info: Linux-6.17.0-19-generic-x86_64-with-glibc2.39
[0m00:57:35.430642 [debug] [MainThread]: Snowflake adapter: Setting snowflake.connector to ERROR (file logging only)
[0m00:57:35.431029 [debug] [MainThread]: Snowflake adapter: Setting botocore to ERROR (file logging only)
[0m00:57:35.431572 [debug] [MainThread]: Snowflake adapter: Setting boto3 to ERROR (file logging only)
[0m00:57:35.531653 [info ] [MainThread]: Error importing adapter: No module named 'dbt.adapters.redshift'
[0m00:57:35.532119 [info ] [MainThread]: Using profiles dir at /home/blagoja/.dbt
[0m00:57:35.532358 [info ] [MainThread]: Using profiles.yml file at /home/blagoja/.dbt/profiles.yml
[0m00:57:35.532576 [info ] [MainThread]: Using dbt_project.yml file at /home/blagoja/Desktop/adzuna-job-market-elt/dbt_project.yml
[0m00:57:35.532780 [info ] [MainThread]: Configuration:
[0m00:57:35.532963 [info ] [MainThread]:   profiles.yml file [[31mERROR invalid[0m]
[0m00:57:35.533146 [info ] [MainThread]:   dbt_project.yml file [[31mERROR not found[0m]
[0m00:57:35.533322 [info ] [MainThread]: Required dependencies:
[0m00:57:35.533544 [debug] [MainThread]: Executing "git --help"
[0m00:57:35.535955 [debug] [MainThread]: STDOUT: "b"usage: git [-v | --version] [-h | --help] [-C <path>] [-c <name>=<value>]\n           [--exec-path[=<path>]] [--html-path] [--man-path] [--info-path]\n           [-p | --paginate | -P | --no-pager] [--no-replace-objects] [--bare]\n           [--git-dir=<path>] [--work-tree=<path>] [--namespace=<name>]\n           [--config-env=<name>=<envvar>] <command> [<args>]\n\nThese are common Git commands used in various situations:\n\nstart a working area (see also: git help tutorial)\n   clone     Clone a repository into a new directory\n   init      Create an empty Git repository or reinitialize an existing one\n\nwork on the current change (see also: git help everyday)\n   add       Add file contents to the index\n   mv        Move or rename a file, a directory, or a symlink\n   restore   Restore working tree files\n   rm        Remove files from the working tree and from the index\n\nexamine the history and state (see also: git help revisions)\n   bisect    Use binary search to find the commit that introduced a bug\n   diff      Show changes between commits, commit and working tree, etc\n   grep      Print lines matching a pattern\n   log       Show commit logs\n   show      Show various types of objects\n   status    Show the working tree status\n\ngrow, mark and tweak your common history\n   branch    List, create, or delete branches\n   commit    Record changes to the repository\n   merge     Join two or more development histories together\n   rebase    Reapply commits on top of another base tip\n   reset     Reset current HEAD to the specified state\n   switch    Switch branches\n   tag       Create, list, delete or verify a tag object signed with GPG\n\ncollaborate (see also: git help workflows)\n   fetch     Download objects and refs from another repository\n   pull      Fetch from and integrate with another repository or a local branch\n   push      Update remote refs along with associated objects\n\n'git help -a' and 'git help -g' list available subcommands and some\nconcept guides. See 'git help <command>' or 'git help <concept>'\nto read about a specific subcommand or concept.\nSee 'git help git' for an overview of the system.\n""
[0m00:57:35.536277 [debug] [MainThread]: STDERR: "b''"
[0m00:57:35.536506 [info ] [MainThread]:  - git [[32mOK found[0m]

[0m00:57:35.536722 [info ] [MainThread]: Connection test skipped since no profile was found
[0m00:57:35.536959 [info ] [MainThread]: [31m2 checks failed:[0m
[0m00:57:35.537164 [info ] [MainThread]: Could not load dbt_project.yml
Profile loading failed for the following reason:
Runtime Error
  Credentials in profile "ecommerce_dwh", target "dev" invalid: Runtime Error
    Could not find adapter type redshift!


[0m00:57:35.537443 [info ] [MainThread]: Project loading failed for the following reason:
 project path </home/blagoja/Desktop/adzuna-job-market-elt/dbt_project.yml> not found

[0m00:57:35.538063 [debug] [MainThread]: Resource report: {"command_name": "debug", "command_success": false, "command_wall_clock_time": 0.3168778, "process_in_blocks": "48", "process_kernel_time": 0.097821, "process_mem_max_rss": "130284", "process_out_blocks": "80", "process_user_time": 1.203801}
[0m00:57:35.538546 [debug] [MainThread]: Command `dbt debug` failed at 00:57:35.538466 after 0.32 seconds
[0m00:57:35.538834 [debug] [MainThread]: Sending event: {'category': 'dbt', 'action': 'invocation', 'label': 'end', 'context': [<snowplow_tracker.self_describing_json.SelfDescribingJson object at 0x7aaa7b7e4980>, <snowplow_tracker.self_describing_json.SelfDescribingJson object at 0x7aaa793f2600>, <snowplow_tracker.self_describing_json.SelfDescribingJson object at 0x7aaa793274d0>]}
[0m00:57:35.539117 [debug] [MainThread]: Flushing usage events
[0m00:57:35.992456 [debug] [MainThread]: An error was encountered while trying to flush usage events
